Connecting to database specified by database.yml
Connecting to database specified by database.yml


Started GET "/assets/rails.png" for 127.0.0.1 at 2013-06-08 10:58:08 +0200
Served asset /rails.png - 200 OK (5ms)


Started GET "/rails/info/properties" for 127.0.0.1 at 2013-06-08 10:58:10 +0200
Processing by Rails::InfoController#properties as */*
  Rendered inline template (1.5ms)
Completed 200 OK in 45ms (Views: 44.7ms)


Started GET "/assets/rails.png" for 127.0.0.1 at 2013-06-08 11:16:11 +0200
Served asset /rails.png - 304 Not Modified (3ms)


Started GET "/rails/info/properties" for 127.0.0.1 at 2013-06-08 11:16:12 +0200
Processing by Rails::InfoController#properties as */*
  Rendered inline template (1.3ms)
Completed 200 OK in 8ms (Views: 7.2ms)


Started GET "/assets/rails.png" for 127.0.0.1 at 2013-06-08 11:50:09 +0200
Served asset /rails.png - 304 Not Modified (3ms)


Started GET "/login" for 127.0.0.1 at 2013-06-08 11:50:14 +0200
Processing by SessionsController#new as HTML
Redirected to http://localhost:3000/auth/github
Completed 302 Found in 1ms


Started GET "/auth/github" for 127.0.0.1 at 2013-06-08 11:50:14 +0200


Started GET "/assets/rails.png" for 127.0.0.1 at 2013-06-08 11:58:06 +0200
Served asset /rails.png - 304 Not Modified (2ms)


Started GET "/login" for 127.0.0.1 at 2013-06-08 11:58:11 +0200
Processing by SessionsController#new as HTML
Redirected to http://localhost:3000/auth/github
Completed 302 Found in 1ms


Started GET "/auth/github" for 127.0.0.1 at 2013-06-08 11:58:11 +0200


Started GET "/oauth?error=redirect_uri_mismatch&state=3bd18c9fa69be97dac9c5e8beac429edbba71899027af364" for 127.0.0.1 at 2013-06-08 11:58:13 +0200
Processing by SessionsController#create as HTML
  Parameters: {"error"=>"redirect_uri_mismatch", "state"=>"3bd18c9fa69be97dac9c5e8beac429edbba71899027af364"}
Completed 500 Internal Server Error in 2ms

NameError (uninitialized constant SessionsController::User):
  app/controllers/sessions_controller.rb:6:in `create'


  Rendered /home/pawel/.rvm/gems/ruby-2.0.0-p0/gems/actionpack-3.2.13/lib/action_dispatch/middleware/templates/rescues/_trace.erb (2.2ms)
  Rendered /home/pawel/.rvm/gems/ruby-2.0.0-p0/gems/actionpack-3.2.13/lib/action_dispatch/middleware/templates/rescues/_request_and_response.erb (2.7ms)
  Rendered /home/pawel/.rvm/gems/ruby-2.0.0-p0/gems/actionpack-3.2.13/lib/action_dispatch/middleware/templates/rescues/diagnostics.erb within rescues/layout (35.1ms)


Started GET "/assets/rails.png" for 127.0.0.1 at 2013-06-08 12:19:06 +0200
Served asset /rails.png - 304 Not Modified (60ms)


Started GET "/login" for 127.0.0.1 at 2013-06-08 12:19:11 +0200
Processing by SessionsController#new as HTML
Redirected to http://localhost:3000/auth/github
Completed 302 Found in 1ms


Started GET "/auth/github" for 127.0.0.1 at 2013-06-08 12:19:11 +0200


Started GET "/oauth?error=redirect_uri_mismatch&state=e518b28781b8646364a3a9296ec30a94840d94c4161ab2aa" for 127.0.0.1 at 2013-06-08 12:19:13 +0200
Processing by SessionsController#create as HTML
  Parameters: {"error"=>"redirect_uri_mismatch", "state"=>"e518b28781b8646364a3a9296ec30a94840d94c4161ab2aa"}
Completed 500 Internal Server Error in 24ms

NoMethodError (undefined method `[]' for nil:NilClass):
  app/models/user.rb:9:in `block in find_or_create_from_auth_hash'
  app/models/user.rb:8:in `find_or_create_from_auth_hash'
  app/controllers/sessions_controller.rb:6:in `create'


  Rendered /home/pawel/.rvm/gems/ruby-2.0.0-p0/gems/actionpack-3.2.13/lib/action_dispatch/middleware/templates/rescues/_trace.erb (2.1ms)
  Rendered /home/pawel/.rvm/gems/ruby-2.0.0-p0/gems/actionpack-3.2.13/lib/action_dispatch/middleware/templates/rescues/_request_and_response.erb (1.5ms)
  Rendered /home/pawel/.rvm/gems/ruby-2.0.0-p0/gems/actionpack-3.2.13/lib/action_dispatch/middleware/templates/rescues/diagnostics.erb within rescues/layout (13.6ms)


Started GET "/assets/rails.png" for 127.0.0.1 at 2013-06-08 12:24:56 +0200
Served asset /rails.png - 304 Not Modified (0ms)


Started GET "/login" for 127.0.0.1 at 2013-06-08 12:25:00 +0200
Processing by SessionsController#new as HTML
Redirected to http://localhost:3000/auth/github
Completed 302 Found in 1ms


Started GET "/auth/github" for 127.0.0.1 at 2013-06-08 12:25:00 +0200


Started GET "/oauth?error=redirect_uri_mismatch&state=2462168eecc69024e53b651a8cfbcffc50dcd024a0d640de" for 127.0.0.1 at 2013-06-08 12:25:03 +0200
Processing by SessionsController#create as HTML
  Parameters: {"error"=>"redirect_uri_mismatch", "state"=>"2462168eecc69024e53b651a8cfbcffc50dcd024a0d640de"}
Completed 500 Internal Server Error in 1ms

NoMethodError (undefined method `[]' for nil:NilClass):
  app/models/user.rb:9:in `block in find_or_create_from_auth_hash'
  app/models/user.rb:8:in `find_or_create_from_auth_hash'
  app/controllers/sessions_controller.rb:6:in `create'


  Rendered /home/pawel/.rvm/gems/ruby-2.0.0-p0/gems/actionpack-3.2.13/lib/action_dispatch/middleware/templates/rescues/_trace.erb (2.1ms)
  Rendered /home/pawel/.rvm/gems/ruby-2.0.0-p0/gems/actionpack-3.2.13/lib/action_dispatch/middleware/templates/rescues/_request_and_response.erb (1.6ms)
  Rendered /home/pawel/.rvm/gems/ruby-2.0.0-p0/gems/actionpack-3.2.13/lib/action_dispatch/middleware/templates/rescues/diagnostics.erb within rescues/layout (12.3ms)


Started GET "/assets/rails.png" for 127.0.0.1 at 2013-06-08 12:30:31 +0200
Served asset /rails.png - 304 Not Modified (0ms)


Started GET "/login" for 127.0.0.1 at 2013-06-08 12:30:36 +0200
Processing by SessionsController#new as HTML
Redirected to http://localhost:3000/auth/github
Completed 302 Found in 0ms


Started GET "/auth/github" for 127.0.0.1 at 2013-06-08 12:30:36 +0200


Started GET "/oauth?error=redirect_uri_mismatch&state=7a077b24a056d6067757a72e9d04a36f7e9148d7678b1c4a" for 127.0.0.1 at 2013-06-08 12:30:41 +0200
Processing by SessionsController#create as HTML
  Parameters: {"error"=>"redirect_uri_mismatch", "state"=>"7a077b24a056d6067757a72e9d04a36f7e9148d7678b1c4a"}
Completed 500 Internal Server Error in 1ms

NoMethodError (undefined method `[]' for nil:NilClass):
  app/models/user.rb:9:in `block in find_or_create_from_auth_hash'
  app/models/user.rb:8:in `find_or_create_from_auth_hash'
  app/controllers/sessions_controller.rb:6:in `create'


  Rendered /home/pawel/.rvm/gems/ruby-2.0.0-p0/gems/actionpack-3.2.13/lib/action_dispatch/middleware/templates/rescues/_trace.erb (2.2ms)
  Rendered /home/pawel/.rvm/gems/ruby-2.0.0-p0/gems/actionpack-3.2.13/lib/action_dispatch/middleware/templates/rescues/_request_and_response.erb (1.7ms)
  Rendered /home/pawel/.rvm/gems/ruby-2.0.0-p0/gems/actionpack-3.2.13/lib/action_dispatch/middleware/templates/rescues/diagnostics.erb within rescues/layout (12.7ms)


Started GET "/assets/rails.png" for 127.0.0.1 at 2013-06-08 12:31:00 +0200
Served asset /rails.png - 200 OK (0ms)


Started GET "/login" for 127.0.0.1 at 2013-06-08 12:31:06 +0200
Processing by SessionsController#new as HTML
Redirected to http://127.0.0.1:3000/auth/github
Completed 302 Found in 1ms


Started GET "/auth/github" for 127.0.0.1 at 2013-06-08 12:31:06 +0200


Started GET "/oauth?error=redirect_uri_mismatch&state=831ba4ac7f16d042d93f742106b63d3757d7bbe34ef58ea6" for 127.0.0.1 at 2013-06-08 12:31:18 +0200
Processing by SessionsController#create as HTML
  Parameters: {"error"=>"redirect_uri_mismatch", "state"=>"831ba4ac7f16d042d93f742106b63d3757d7bbe34ef58ea6"}
Completed 500 Internal Server Error in 1ms

NoMethodError (undefined method `[]' for nil:NilClass):
  app/models/user.rb:9:in `block in find_or_create_from_auth_hash'
  app/models/user.rb:8:in `find_or_create_from_auth_hash'
  app/controllers/sessions_controller.rb:6:in `create'


  Rendered /home/pawel/.rvm/gems/ruby-2.0.0-p0/gems/actionpack-3.2.13/lib/action_dispatch/middleware/templates/rescues/_trace.erb (2.1ms)
  Rendered /home/pawel/.rvm/gems/ruby-2.0.0-p0/gems/actionpack-3.2.13/lib/action_dispatch/middleware/templates/rescues/_request_and_response.erb (1.6ms)
  Rendered /home/pawel/.rvm/gems/ruby-2.0.0-p0/gems/actionpack-3.2.13/lib/action_dispatch/middleware/templates/rescues/diagnostics.erb within rescues/layout (12.3ms)


Started GET "/assets/rails.png" for 127.0.0.1 at 2013-06-08 12:32:30 +0200
Served asset /rails.png - 304 Not Modified (3ms)


Started GET "/login" for 127.0.0.1 at 2013-06-08 12:32:34 +0200
Processing by SessionsController#new as HTML
Redirected to http://127.0.0.1:3000/auth/github
Completed 302 Found in 1ms


Started GET "/auth/github" for 127.0.0.1 at 2013-06-08 12:32:34 +0200


Started GET "/oauth?error=redirect_uri_mismatch&state=9f6e2d0ed6f719bd5639558e3547a3c42a36e22d20c1fade" for 127.0.0.1 at 2013-06-08 12:32:37 +0200
Processing by SessionsController#create as HTML
  Parameters: {"error"=>"redirect_uri_mismatch", "state"=>"9f6e2d0ed6f719bd5639558e3547a3c42a36e22d20c1fade"}
Completed 500 Internal Server Error in 27ms

NoMethodError (undefined method `[]' for nil:NilClass):
  app/models/user.rb:9:in `block in find_or_create_from_auth_hash'
  app/models/user.rb:8:in `find_or_create_from_auth_hash'
  app/controllers/sessions_controller.rb:6:in `create'


  Rendered /home/pawel/.rvm/gems/ruby-2.0.0-p0/gems/actionpack-3.2.13/lib/action_dispatch/middleware/templates/rescues/_trace.erb (2.0ms)
  Rendered /home/pawel/.rvm/gems/ruby-2.0.0-p0/gems/actionpack-3.2.13/lib/action_dispatch/middleware/templates/rescues/_request_and_response.erb (1.6ms)
  Rendered /home/pawel/.rvm/gems/ruby-2.0.0-p0/gems/actionpack-3.2.13/lib/action_dispatch/middleware/templates/rescues/diagnostics.erb within rescues/layout (13.3ms)


Started GET "/oauth/" for 127.0.0.1 at 2013-06-08 12:33:45 +0200
Processing by SessionsController#create as HTML
Completed 500 Internal Server Error in 1ms

NoMethodError (undefined method `[]' for nil:NilClass):
  app/models/user.rb:9:in `block in find_or_create_from_auth_hash'
  app/models/user.rb:8:in `find_or_create_from_auth_hash'
  app/controllers/sessions_controller.rb:6:in `create'


  Rendered /home/pawel/.rvm/gems/ruby-2.0.0-p0/gems/actionpack-3.2.13/lib/action_dispatch/middleware/templates/rescues/_trace.erb (2.0ms)
  Rendered /home/pawel/.rvm/gems/ruby-2.0.0-p0/gems/actionpack-3.2.13/lib/action_dispatch/middleware/templates/rescues/_request_and_response.erb (1.5ms)
  Rendered /home/pawel/.rvm/gems/ruby-2.0.0-p0/gems/actionpack-3.2.13/lib/action_dispatch/middleware/templates/rescues/diagnostics.erb within rescues/layout (12.4ms)


Started GET "/" for 127.0.0.1 at 2013-06-08 12:41:02 +0200
Processing by HomeController#index as HTML
  Rendered home/index.html.haml within layouts/application (2.2ms)
Compiled bootstrap_and_overrides.css  (1070ms)  (pid 14860)
Compiled home.css  (27ms)  (pid 14860)
Compiled sessions.css  (1ms)  (pid 14860)
Compiled application.css  (1163ms)  (pid 14860)
Compiled jquery.js  (6ms)  (pid 14860)
Compiled jquery_ujs.js  (0ms)  (pid 14860)
Compiled twitter/bootstrap/bootstrap-transition.js  (0ms)  (pid 14860)
Compiled twitter/bootstrap/bootstrap-alert.js  (0ms)  (pid 14860)
Compiled twitter/bootstrap/bootstrap-modal.js  (0ms)  (pid 14860)
Compiled twitter/bootstrap/bootstrap-dropdown.js  (0ms)  (pid 14860)
Compiled twitter/bootstrap/bootstrap-scrollspy.js  (0ms)  (pid 14860)
Compiled twitter/bootstrap/bootstrap-tab.js  (0ms)  (pid 14860)
Compiled twitter/bootstrap/bootstrap-tooltip.js  (0ms)  (pid 14860)
Compiled twitter/bootstrap/bootstrap-popover.js  (0ms)  (pid 14860)
Compiled twitter/bootstrap/bootstrap-button.js  (0ms)  (pid 14860)
Compiled twitter/bootstrap/bootstrap-collapse.js  (0ms)  (pid 14860)
Compiled twitter/bootstrap/bootstrap-carousel.js  (0ms)  (pid 14860)
Compiled twitter/bootstrap/bootstrap-typeahead.js  (0ms)  (pid 14860)
Compiled twitter/bootstrap/bootstrap-affix.js  (0ms)  (pid 14860)
Compiled twitter/bootstrap.js  (124ms)  (pid 14860)
Compiled bootstrap.js  (132ms)  (pid 14860)
Compiled home.js  (1ms)  (pid 14860)
Compiled sessions.js  (0ms)  (pid 14860)
Compiled application.js  (327ms)  (pid 14860)
Completed 200 OK in 1581ms (Views: 1580.4ms)


Started GET "/assets/application.css?body=1" for 127.0.0.1 at 2013-06-08 12:41:04 +0200
Served asset /application.css - 200 OK (69ms)


Started GET "/assets/bootstrap_and_overrides.css?body=1" for 127.0.0.1 at 2013-06-08 12:41:04 +0200
Served asset /bootstrap_and_overrides.css - 200 OK (3ms)


Started GET "/assets/home.css?body=1" for 127.0.0.1 at 2013-06-08 12:41:04 +0200
Served asset /home.css - 304 Not Modified (2ms)


Started GET "/assets/jquery.js?body=1" for 127.0.0.1 at 2013-06-08 12:41:04 +0200
Served asset /jquery.js - 200 OK (7ms)


Started GET "/assets/sessions.css?body=1" for 127.0.0.1 at 2013-06-08 12:41:04 +0200
Served asset /sessions.css - 200 OK (4ms)


Started GET "/assets/jquery_ujs.js?body=1" for 127.0.0.1 at 2013-06-08 12:41:04 +0200
Served asset /jquery_ujs.js - 200 OK (5ms)


Started GET "/assets/twitter/bootstrap/bootstrap-transition.js?body=1" for 127.0.0.1 at 2013-06-08 12:41:04 +0200
Served asset /twitter/bootstrap/bootstrap-transition.js - 200 OK (9ms)


Started GET "/assets/twitter/bootstrap/bootstrap-alert.js?body=1" for 127.0.0.1 at 2013-06-08 12:41:04 +0200
Served asset /twitter/bootstrap/bootstrap-alert.js - 200 OK (11ms)


Started GET "/assets/twitter/bootstrap/bootstrap-modal.js?body=1" for 127.0.0.1 at 2013-06-08 12:41:04 +0200
Served asset /twitter/bootstrap/bootstrap-modal.js - 200 OK (5ms)


Started GET "/assets/twitter/bootstrap/bootstrap-dropdown.js?body=1" for 127.0.0.1 at 2013-06-08 12:41:04 +0200
Served asset /twitter/bootstrap/bootstrap-dropdown.js - 200 OK (3ms)


Started GET "/assets/twitter/bootstrap/bootstrap-tab.js?body=1" for 127.0.0.1 at 2013-06-08 12:41:04 +0200
Served asset /twitter/bootstrap/bootstrap-tab.js - 200 OK (15ms)


Started GET "/assets/twitter/bootstrap/bootstrap-scrollspy.js?body=1" for 127.0.0.1 at 2013-06-08 12:41:04 +0200
Served asset /twitter/bootstrap/bootstrap-scrollspy.js - 200 OK (10ms)


Started GET "/assets/twitter/bootstrap/bootstrap-popover.js?body=1" for 127.0.0.1 at 2013-06-08 12:41:04 +0200
Served asset /twitter/bootstrap/bootstrap-popover.js - 200 OK (8ms)


Started GET "/assets/twitter/bootstrap/bootstrap-tooltip.js?body=1" for 127.0.0.1 at 2013-06-08 12:41:04 +0200
Served asset /twitter/bootstrap/bootstrap-tooltip.js - 200 OK (7ms)


Started GET "/assets/twitter/bootstrap/bootstrap-button.js?body=1" for 127.0.0.1 at 2013-06-08 12:41:05 +0200
Served asset /twitter/bootstrap/bootstrap-button.js - 200 OK (5ms)


Started GET "/assets/twitter/bootstrap/bootstrap-collapse.js?body=1" for 127.0.0.1 at 2013-06-08 12:41:05 +0200
Served asset /twitter/bootstrap/bootstrap-collapse.js - 200 OK (11ms)


Started GET "/assets/twitter/bootstrap.js?body=1" for 127.0.0.1 at 2013-06-08 12:41:05 +0200
Served asset /twitter/bootstrap.js - 200 OK (29ms)


Started GET "/assets/twitter/bootstrap/bootstrap-affix.js?body=1" for 127.0.0.1 at 2013-06-08 12:41:05 +0200
Served asset /twitter/bootstrap/bootstrap-affix.js - 200 OK (5ms)


Started GET "/assets/twitter/bootstrap/bootstrap-typeahead.js?body=1" for 127.0.0.1 at 2013-06-08 12:41:05 +0200
Served asset /twitter/bootstrap/bootstrap-typeahead.js - 200 OK (3ms)


Started GET "/assets/twitter/bootstrap/bootstrap-carousel.js?body=1" for 127.0.0.1 at 2013-06-08 12:41:05 +0200
Served asset /twitter/bootstrap/bootstrap-carousel.js - 200 OK (4ms)


Started GET "/assets/bootstrap.js?body=1" for 127.0.0.1 at 2013-06-08 12:41:05 +0200
Served asset /bootstrap.js - 200 OK (2ms)


Started GET "/assets/home.js?body=1" for 127.0.0.1 at 2013-06-08 12:41:05 +0200
Served asset /home.js - 200 OK (2ms)


Started GET "/assets/sessions.js?body=1" for 127.0.0.1 at 2013-06-08 12:41:05 +0200
Served asset /sessions.js - 200 OK (3ms)


Started GET "/assets/application.js?body=1" for 127.0.0.1 at 2013-06-08 12:41:05 +0200
Served asset /application.js - 304 Not Modified (32ms)


Started GET "/assets/favicon.ico" for 127.0.0.1 at 2013-06-08 12:41:05 +0200
Served asset /favicon.ico - 404 Not Found (4ms)

ActionController::RoutingError (No route matches [GET] "/assets/favicon.ico"):
  actionpack (3.2.13) lib/action_dispatch/middleware/debug_exceptions.rb:21:in `call'
  actionpack (3.2.13) lib/action_dispatch/middleware/show_exceptions.rb:56:in `call'
  railties (3.2.13) lib/rails/rack/logger.rb:32:in `call_app'
  railties (3.2.13) lib/rails/rack/logger.rb:16:in `block in call'
  activesupport (3.2.13) lib/active_support/tagged_logging.rb:22:in `tagged'
  railties (3.2.13) lib/rails/rack/logger.rb:16:in `call'
  actionpack (3.2.13) lib/action_dispatch/middleware/request_id.rb:22:in `call'
  rack (1.4.5) lib/rack/methodoverride.rb:21:in `call'
  rack (1.4.5) lib/rack/runtime.rb:17:in `call'
  activesupport (3.2.13) lib/active_support/cache/strategy/local_cache.rb:72:in `call'
  rack (1.4.5) lib/rack/lock.rb:15:in `call'
  actionpack (3.2.13) lib/action_dispatch/middleware/static.rb:63:in `call'
  railties (3.2.13) lib/rails/engine.rb:479:in `call'
  railties (3.2.13) lib/rails/application.rb:223:in `call'
  rack (1.4.5) lib/rack/content_length.rb:14:in `call'
  railties (3.2.13) lib/rails/rack/log_tailer.rb:17:in `call'
  rack (1.4.5) lib/rack/handler/webrick.rb:59:in `service'
  /home/pawel/.rvm/rubies/ruby-2.0.0-p0/lib/ruby/2.0.0/webrick/httpserver.rb:138:in `service'
  /home/pawel/.rvm/rubies/ruby-2.0.0-p0/lib/ruby/2.0.0/webrick/httpserver.rb:94:in `run'
  /home/pawel/.rvm/rubies/ruby-2.0.0-p0/lib/ruby/2.0.0/webrick/server.rb:295:in `block in start_thread'


  Rendered /home/pawel/.rvm/gems/ruby-2.0.0-p0/gems/actionpack-3.2.13/lib/action_dispatch/middleware/templates/rescues/routing_error.erb within rescues/layout (0.9ms)


Started GET "/path1" for 127.0.0.1 at 2013-06-08 12:41:13 +0200

ActionController::RoutingError (No route matches [GET] "/path1"):
  actionpack (3.2.13) lib/action_dispatch/middleware/debug_exceptions.rb:21:in `call'
  actionpack (3.2.13) lib/action_dispatch/middleware/show_exceptions.rb:56:in `call'
  railties (3.2.13) lib/rails/rack/logger.rb:32:in `call_app'
  railties (3.2.13) lib/rails/rack/logger.rb:16:in `block in call'
  activesupport (3.2.13) lib/active_support/tagged_logging.rb:22:in `tagged'
  railties (3.2.13) lib/rails/rack/logger.rb:16:in `call'
  actionpack (3.2.13) lib/action_dispatch/middleware/request_id.rb:22:in `call'
  rack (1.4.5) lib/rack/methodoverride.rb:21:in `call'
  rack (1.4.5) lib/rack/runtime.rb:17:in `call'
  activesupport (3.2.13) lib/active_support/cache/strategy/local_cache.rb:72:in `call'
  rack (1.4.5) lib/rack/lock.rb:15:in `call'
  actionpack (3.2.13) lib/action_dispatch/middleware/static.rb:63:in `call'
  railties (3.2.13) lib/rails/engine.rb:479:in `call'
  railties (3.2.13) lib/rails/application.rb:223:in `call'
  rack (1.4.5) lib/rack/content_length.rb:14:in `call'
  railties (3.2.13) lib/rails/rack/log_tailer.rb:17:in `call'
  rack (1.4.5) lib/rack/handler/webrick.rb:59:in `service'
  /home/pawel/.rvm/rubies/ruby-2.0.0-p0/lib/ruby/2.0.0/webrick/httpserver.rb:138:in `service'
  /home/pawel/.rvm/rubies/ruby-2.0.0-p0/lib/ruby/2.0.0/webrick/httpserver.rb:94:in `run'
  /home/pawel/.rvm/rubies/ruby-2.0.0-p0/lib/ruby/2.0.0/webrick/server.rb:295:in `block in start_thread'


  Rendered /home/pawel/.rvm/gems/ruby-2.0.0-p0/gems/actionpack-3.2.13/lib/action_dispatch/middleware/templates/rescues/routing_error.erb within rescues/layout (0.8ms)


Started GET "/assets/favicon.ico" for 127.0.0.1 at 2013-06-08 12:41:15 +0200
Served asset /favicon.ico - 404 Not Found (4ms)

ActionController::RoutingError (No route matches [GET] "/assets/favicon.ico"):
  actionpack (3.2.13) lib/action_dispatch/middleware/debug_exceptions.rb:21:in `call'
  actionpack (3.2.13) lib/action_dispatch/middleware/show_exceptions.rb:56:in `call'
  railties (3.2.13) lib/rails/rack/logger.rb:32:in `call_app'
  railties (3.2.13) lib/rails/rack/logger.rb:16:in `block in call'
  activesupport (3.2.13) lib/active_support/tagged_logging.rb:22:in `tagged'
  railties (3.2.13) lib/rails/rack/logger.rb:16:in `call'
  actionpack (3.2.13) lib/action_dispatch/middleware/request_id.rb:22:in `call'
  rack (1.4.5) lib/rack/methodoverride.rb:21:in `call'
  rack (1.4.5) lib/rack/runtime.rb:17:in `call'
  activesupport (3.2.13) lib/active_support/cache/strategy/local_cache.rb:72:in `call'
  rack (1.4.5) lib/rack/lock.rb:15:in `call'
  actionpack (3.2.13) lib/action_dispatch/middleware/static.rb:63:in `call'
  railties (3.2.13) lib/rails/engine.rb:479:in `call'
  railties (3.2.13) lib/rails/application.rb:223:in `call'
  rack (1.4.5) lib/rack/content_length.rb:14:in `call'
  railties (3.2.13) lib/rails/rack/log_tailer.rb:17:in `call'
  rack (1.4.5) lib/rack/handler/webrick.rb:59:in `service'
  /home/pawel/.rvm/rubies/ruby-2.0.0-p0/lib/ruby/2.0.0/webrick/httpserver.rb:138:in `service'
  /home/pawel/.rvm/rubies/ruby-2.0.0-p0/lib/ruby/2.0.0/webrick/httpserver.rb:94:in `run'
  /home/pawel/.rvm/rubies/ruby-2.0.0-p0/lib/ruby/2.0.0/webrick/server.rb:295:in `block in start_thread'


  Rendered /home/pawel/.rvm/gems/ruby-2.0.0-p0/gems/actionpack-3.2.13/lib/action_dispatch/middleware/templates/rescues/routing_error.erb within rescues/layout (0.9ms)


Started GET "/path1" for 127.0.0.1 at 2013-06-08 12:41:15 +0200

ActionController::RoutingError (No route matches [GET] "/path1"):
  actionpack (3.2.13) lib/action_dispatch/middleware/debug_exceptions.rb:21:in `call'
  actionpack (3.2.13) lib/action_dispatch/middleware/show_exceptions.rb:56:in `call'
  railties (3.2.13) lib/rails/rack/logger.rb:32:in `call_app'
  railties (3.2.13) lib/rails/rack/logger.rb:16:in `block in call'
  activesupport (3.2.13) lib/active_support/tagged_logging.rb:22:in `tagged'
  railties (3.2.13) lib/rails/rack/logger.rb:16:in `call'
  actionpack (3.2.13) lib/action_dispatch/middleware/request_id.rb:22:in `call'
  rack (1.4.5) lib/rack/methodoverride.rb:21:in `call'
  rack (1.4.5) lib/rack/runtime.rb:17:in `call'
  activesupport (3.2.13) lib/active_support/cache/strategy/local_cache.rb:72:in `call'
  rack (1.4.5) lib/rack/lock.rb:15:in `call'
  actionpack (3.2.13) lib/action_dispatch/middleware/static.rb:63:in `call'
  railties (3.2.13) lib/rails/engine.rb:479:in `call'
  railties (3.2.13) lib/rails/application.rb:223:in `call'
  rack (1.4.5) lib/rack/content_length.rb:14:in `call'
  railties (3.2.13) lib/rails/rack/log_tailer.rb:17:in `call'
  rack (1.4.5) lib/rack/handler/webrick.rb:59:in `service'
  /home/pawel/.rvm/rubies/ruby-2.0.0-p0/lib/ruby/2.0.0/webrick/httpserver.rb:138:in `service'
  /home/pawel/.rvm/rubies/ruby-2.0.0-p0/lib/ruby/2.0.0/webrick/httpserver.rb:94:in `run'
  /home/pawel/.rvm/rubies/ruby-2.0.0-p0/lib/ruby/2.0.0/webrick/server.rb:295:in `block in start_thread'


  Rendered /home/pawel/.rvm/gems/ruby-2.0.0-p0/gems/actionpack-3.2.13/lib/action_dispatch/middleware/templates/rescues/routing_error.erb within rescues/layout (0.9ms)


Started GET "/assets/favicon.ico" for 127.0.0.1 at 2013-06-08 12:41:17 +0200
Served asset /favicon.ico - 404 Not Found (4ms)

ActionController::RoutingError (No route matches [GET] "/assets/favicon.ico"):
  actionpack (3.2.13) lib/action_dispatch/middleware/debug_exceptions.rb:21:in `call'
  actionpack (3.2.13) lib/action_dispatch/middleware/show_exceptions.rb:56:in `call'
  railties (3.2.13) lib/rails/rack/logger.rb:32:in `call_app'
  railties (3.2.13) lib/rails/rack/logger.rb:16:in `block in call'
  activesupport (3.2.13) lib/active_support/tagged_logging.rb:22:in `tagged'
  railties (3.2.13) lib/rails/rack/logger.rb:16:in `call'
  actionpack (3.2.13) lib/action_dispatch/middleware/request_id.rb:22:in `call'
  rack (1.4.5) lib/rack/methodoverride.rb:21:in `call'
  rack (1.4.5) lib/rack/runtime.rb:17:in `call'
  activesupport (3.2.13) lib/active_support/cache/strategy/local_cache.rb:72:in `call'
  rack (1.4.5) lib/rack/lock.rb:15:in `call'
  actionpack (3.2.13) lib/action_dispatch/middleware/static.rb:63:in `call'
  railties (3.2.13) lib/rails/engine.rb:479:in `call'
  railties (3.2.13) lib/rails/application.rb:223:in `call'
  rack (1.4.5) lib/rack/content_length.rb:14:in `call'
  railties (3.2.13) lib/rails/rack/log_tailer.rb:17:in `call'
  rack (1.4.5) lib/rack/handler/webrick.rb:59:in `service'
  /home/pawel/.rvm/rubies/ruby-2.0.0-p0/lib/ruby/2.0.0/webrick/httpserver.rb:138:in `service'
  /home/pawel/.rvm/rubies/ruby-2.0.0-p0/lib/ruby/2.0.0/webrick/httpserver.rb:94:in `run'
  /home/pawel/.rvm/rubies/ruby-2.0.0-p0/lib/ruby/2.0.0/webrick/server.rb:295:in `block in start_thread'


  Rendered /home/pawel/.rvm/gems/ruby-2.0.0-p0/gems/actionpack-3.2.13/lib/action_dispatch/middleware/templates/rescues/routing_error.erb within rescues/layout (0.9ms)


Started GET "/path2" for 127.0.0.1 at 2013-06-08 12:41:17 +0200

ActionController::RoutingError (No route matches [GET] "/path2"):
  actionpack (3.2.13) lib/action_dispatch/middleware/debug_exceptions.rb:21:in `call'
  actionpack (3.2.13) lib/action_dispatch/middleware/show_exceptions.rb:56:in `call'
  railties (3.2.13) lib/rails/rack/logger.rb:32:in `call_app'
  railties (3.2.13) lib/rails/rack/logger.rb:16:in `block in call'
  activesupport (3.2.13) lib/active_support/tagged_logging.rb:22:in `tagged'
  railties (3.2.13) lib/rails/rack/logger.rb:16:in `call'
  actionpack (3.2.13) lib/action_dispatch/middleware/request_id.rb:22:in `call'
  rack (1.4.5) lib/rack/methodoverride.rb:21:in `call'
  rack (1.4.5) lib/rack/runtime.rb:17:in `call'
  activesupport (3.2.13) lib/active_support/cache/strategy/local_cache.rb:72:in `call'
  rack (1.4.5) lib/rack/lock.rb:15:in `call'
  actionpack (3.2.13) lib/action_dispatch/middleware/static.rb:63:in `call'
  railties (3.2.13) lib/rails/engine.rb:479:in `call'
  railties (3.2.13) lib/rails/application.rb:223:in `call'
  rack (1.4.5) lib/rack/content_length.rb:14:in `call'
  railties (3.2.13) lib/rails/rack/log_tailer.rb:17:in `call'
  rack (1.4.5) lib/rack/handler/webrick.rb:59:in `service'
  /home/pawel/.rvm/rubies/ruby-2.0.0-p0/lib/ruby/2.0.0/webrick/httpserver.rb:138:in `service'
  /home/pawel/.rvm/rubies/ruby-2.0.0-p0/lib/ruby/2.0.0/webrick/httpserver.rb:94:in `run'
  /home/pawel/.rvm/rubies/ruby-2.0.0-p0/lib/ruby/2.0.0/webrick/server.rb:295:in `block in start_thread'


  Rendered /home/pawel/.rvm/gems/ruby-2.0.0-p0/gems/actionpack-3.2.13/lib/action_dispatch/middleware/templates/rescues/routing_error.erb within rescues/layout (0.9ms)


Started GET "/assets/favicon.ico" for 127.0.0.1 at 2013-06-08 12:41:18 +0200
Served asset /favicon.ico - 404 Not Found (4ms)

ActionController::RoutingError (No route matches [GET] "/assets/favicon.ico"):
  actionpack (3.2.13) lib/action_dispatch/middleware/debug_exceptions.rb:21:in `call'
  actionpack (3.2.13) lib/action_dispatch/middleware/show_exceptions.rb:56:in `call'
  railties (3.2.13) lib/rails/rack/logger.rb:32:in `call_app'
  railties (3.2.13) lib/rails/rack/logger.rb:16:in `block in call'
  activesupport (3.2.13) lib/active_support/tagged_logging.rb:22:in `tagged'
  railties (3.2.13) lib/rails/rack/logger.rb:16:in `call'
  actionpack (3.2.13) lib/action_dispatch/middleware/request_id.rb:22:in `call'
  rack (1.4.5) lib/rack/methodoverride.rb:21:in `call'
  rack (1.4.5) lib/rack/runtime.rb:17:in `call'
  activesupport (3.2.13) lib/active_support/cache/strategy/local_cache.rb:72:in `call'
  rack (1.4.5) lib/rack/lock.rb:15:in `call'
  actionpack (3.2.13) lib/action_dispatch/middleware/static.rb:63:in `call'
  railties (3.2.13) lib/rails/engine.rb:479:in `call'
  railties (3.2.13) lib/rails/application.rb:223:in `call'
  rack (1.4.5) lib/rack/content_length.rb:14:in `call'
  railties (3.2.13) lib/rails/rack/log_tailer.rb:17:in `call'
  rack (1.4.5) lib/rack/handler/webrick.rb:59:in `service'
  /home/pawel/.rvm/rubies/ruby-2.0.0-p0/lib/ruby/2.0.0/webrick/httpserver.rb:138:in `service'
  /home/pawel/.rvm/rubies/ruby-2.0.0-p0/lib/ruby/2.0.0/webrick/httpserver.rb:94:in `run'
  /home/pawel/.rvm/rubies/ruby-2.0.0-p0/lib/ruby/2.0.0/webrick/server.rb:295:in `block in start_thread'


  Rendered /home/pawel/.rvm/gems/ruby-2.0.0-p0/gems/actionpack-3.2.13/lib/action_dispatch/middleware/templates/rescues/routing_error.erb within rescues/layout (0.9ms)


Started GET "/login" for 127.0.0.1 at 2013-06-08 12:42:44 +0200
Processing by SessionsController#new as HTML
Redirected to http://localhost:3000/auth/github
Completed 302 Found in 1ms


Started GET "/auth/github" for 127.0.0.1 at 2013-06-08 12:42:44 +0200


Started GET "/oauth?error=redirect_uri_mismatch&state=0092333c691ce53b0fb52bcbc996f268e906fdbbb8d67306" for 127.0.0.1 at 2013-06-08 12:42:46 +0200
Processing by SessionsController#create as HTML
  Parameters: {"error"=>"redirect_uri_mismatch", "state"=>"0092333c691ce53b0fb52bcbc996f268e906fdbbb8d67306"}
Completed 500 Internal Server Error in 26ms

NoMethodError (undefined method `[]' for nil:NilClass):
  app/models/user.rb:9:in `block in find_or_create_from_auth_hash'
  app/models/user.rb:8:in `find_or_create_from_auth_hash'
  app/controllers/sessions_controller.rb:6:in `create'


  Rendered /home/pawel/.rvm/gems/ruby-2.0.0-p0/gems/actionpack-3.2.13/lib/action_dispatch/middleware/templates/rescues/_trace.erb (1.8ms)
  Rendered /home/pawel/.rvm/gems/ruby-2.0.0-p0/gems/actionpack-3.2.13/lib/action_dispatch/middleware/templates/rescues/_request_and_response.erb (1.5ms)
  Rendered /home/pawel/.rvm/gems/ruby-2.0.0-p0/gems/actionpack-3.2.13/lib/action_dispatch/middleware/templates/rescues/diagnostics.erb within rescues/layout (13.5ms)


Started GET "/assets/favicon.ico" for 127.0.0.1 at 2013-06-08 12:42:59 +0200
Served asset /favicon.ico - 404 Not Found (4ms)

ActionController::RoutingError (No route matches [GET] "/assets/favicon.ico"):
  actionpack (3.2.13) lib/action_dispatch/middleware/debug_exceptions.rb:21:in `call'
  actionpack (3.2.13) lib/action_dispatch/middleware/show_exceptions.rb:56:in `call'
  railties (3.2.13) lib/rails/rack/logger.rb:32:in `call_app'
  railties (3.2.13) lib/rails/rack/logger.rb:16:in `block in call'
  activesupport (3.2.13) lib/active_support/tagged_logging.rb:22:in `tagged'
  railties (3.2.13) lib/rails/rack/logger.rb:16:in `call'
  actionpack (3.2.13) lib/action_dispatch/middleware/request_id.rb:22:in `call'
  rack (1.4.5) lib/rack/methodoverride.rb:21:in `call'
  rack (1.4.5) lib/rack/runtime.rb:17:in `call'
  activesupport (3.2.13) lib/active_support/cache/strategy/local_cache.rb:72:in `call'
  rack (1.4.5) lib/rack/lock.rb:15:in `call'
  actionpack (3.2.13) lib/action_dispatch/middleware/static.rb:63:in `call'
  railties (3.2.13) lib/rails/engine.rb:479:in `call'
  railties (3.2.13) lib/rails/application.rb:223:in `call'
  rack (1.4.5) lib/rack/content_length.rb:14:in `call'
  railties (3.2.13) lib/rails/rack/log_tailer.rb:17:in `call'
  rack (1.4.5) lib/rack/handler/webrick.rb:59:in `service'
  /home/pawel/.rvm/rubies/ruby-2.0.0-p0/lib/ruby/2.0.0/webrick/httpserver.rb:138:in `service'
  /home/pawel/.rvm/rubies/ruby-2.0.0-p0/lib/ruby/2.0.0/webrick/httpserver.rb:94:in `run'
  /home/pawel/.rvm/rubies/ruby-2.0.0-p0/lib/ruby/2.0.0/webrick/server.rb:295:in `block in start_thread'


  Rendered /home/pawel/.rvm/gems/ruby-2.0.0-p0/gems/actionpack-3.2.13/lib/action_dispatch/middleware/templates/rescues/routing_error.erb within rescues/layout (0.9ms)


Started GET "/" for 127.0.0.1 at 2013-06-08 12:46:31 +0200
Processing by HomeController#index as HTML
  Rendered home/index.html.haml within layouts/application (2.5ms)
Completed 200 OK in 160ms (Views: 159.5ms)


Started GET "/assets/application.css?body=1" for 127.0.0.1 at 2013-06-08 12:46:31 +0200
Served asset /application.css - 304 Not Modified (6ms)


Started GET "/assets/home.css?body=1" for 127.0.0.1 at 2013-06-08 12:46:31 +0200
Served asset /home.css - 304 Not Modified (2ms)


Started GET "/assets/sessions.css?body=1" for 127.0.0.1 at 2013-06-08 12:46:31 +0200
Served asset /sessions.css - 304 Not Modified (2ms)


Started GET "/assets/bootstrap_and_overrides.css?body=1" for 127.0.0.1 at 2013-06-08 12:46:31 +0200
Served asset /bootstrap_and_overrides.css - 304 Not Modified (2ms)


Started GET "/assets/jquery.js?body=1" for 127.0.0.1 at 2013-06-08 12:46:31 +0200
Served asset /jquery.js - 304 Not Modified (4ms)


Started GET "/assets/jquery_ujs.js?body=1" for 127.0.0.1 at 2013-06-08 12:46:31 +0200
Served asset /jquery_ujs.js - 304 Not Modified (14ms)


Started GET "/assets/twitter/bootstrap/bootstrap-dropdown.js?body=1" for 127.0.0.1 at 2013-06-08 12:46:31 +0200
Served asset /twitter/bootstrap/bootstrap-dropdown.js - 304 Not Modified (3ms)


Started GET "/assets/twitter/bootstrap/bootstrap-scrollspy.js?body=1" for 127.0.0.1 at 2013-06-08 12:46:31 +0200
Served asset /twitter/bootstrap/bootstrap-scrollspy.js - 304 Not Modified (5ms)


Started GET "/assets/twitter/bootstrap/bootstrap-transition.js?body=1" for 127.0.0.1 at 2013-06-08 12:46:31 +0200
Served asset /twitter/bootstrap/bootstrap-transition.js - 304 Not Modified (3ms)


Started GET "/assets/twitter/bootstrap/bootstrap-alert.js?body=1" for 127.0.0.1 at 2013-06-08 12:46:31 +0200
Served asset /twitter/bootstrap/bootstrap-alert.js - 304 Not Modified (3ms)


Started GET "/assets/twitter/bootstrap/bootstrap-modal.js?body=1" for 127.0.0.1 at 2013-06-08 12:46:31 +0200
Served asset /twitter/bootstrap/bootstrap-modal.js - 304 Not Modified (3ms)


Started GET "/assets/twitter/bootstrap/bootstrap-tab.js?body=1" for 127.0.0.1 at 2013-06-08 12:46:31 +0200
Served asset /twitter/bootstrap/bootstrap-tab.js - 304 Not Modified (3ms)


Started GET "/assets/twitter/bootstrap/bootstrap-tooltip.js?body=1" for 127.0.0.1 at 2013-06-08 12:46:31 +0200
Served asset /twitter/bootstrap/bootstrap-tooltip.js - 304 Not Modified (3ms)


Started GET "/assets/twitter/bootstrap/bootstrap-popover.js?body=1" for 127.0.0.1 at 2013-06-08 12:46:31 +0200
Served asset /twitter/bootstrap/bootstrap-popover.js - 304 Not Modified (3ms)


Started GET "/assets/twitter/bootstrap/bootstrap-button.js?body=1" for 127.0.0.1 at 2013-06-08 12:46:31 +0200
Served asset /twitter/bootstrap/bootstrap-button.js - 304 Not Modified (3ms)


Started GET "/assets/twitter/bootstrap/bootstrap-carousel.js?body=1" for 127.0.0.1 at 2013-06-08 12:46:31 +0200
Served asset /twitter/bootstrap/bootstrap-carousel.js - 304 Not Modified (8ms)


Started GET "/assets/twitter/bootstrap/bootstrap-collapse.js?body=1" for 127.0.0.1 at 2013-06-08 12:46:31 +0200
Served asset /twitter/bootstrap/bootstrap-collapse.js - 304 Not Modified (4ms)


Started GET "/assets/twitter/bootstrap/bootstrap-affix.js?body=1" for 127.0.0.1 at 2013-06-08 12:46:31 +0200
Served asset /twitter/bootstrap/bootstrap-affix.js - 304 Not Modified (9ms)


Started GET "/assets/twitter/bootstrap/bootstrap-typeahead.js?body=1" for 127.0.0.1 at 2013-06-08 12:46:31 +0200
Served asset /twitter/bootstrap/bootstrap-typeahead.js - 304 Not Modified (4ms)


Started GET "/assets/twitter/bootstrap.js?body=1" for 127.0.0.1 at 2013-06-08 12:46:31 +0200
Served asset /twitter/bootstrap.js - 304 Not Modified (78ms)


Started GET "/assets/bootstrap.js?body=1" for 127.0.0.1 at 2013-06-08 12:46:31 +0200
Served asset /bootstrap.js - 304 Not Modified (2ms)


Started GET "/assets/home.js?body=1" for 127.0.0.1 at 2013-06-08 12:46:31 +0200
Served asset /home.js - 304 Not Modified (2ms)


Started GET "/assets/sessions.js?body=1" for 127.0.0.1 at 2013-06-08 12:46:31 +0200
Served asset /sessions.js - 304 Not Modified (2ms)


Started GET "/assets/application.js?body=1" for 127.0.0.1 at 2013-06-08 12:46:31 +0200
Served asset /application.js - 304 Not Modified (34ms)


Started GET "/assets/favicon.ico" for 127.0.0.1 at 2013-06-08 12:46:32 +0200
Served asset /favicon.ico - 404 Not Found (4ms)

ActionController::RoutingError (No route matches [GET] "/assets/favicon.ico"):
  actionpack (3.2.13) lib/action_dispatch/middleware/debug_exceptions.rb:21:in `call'
  actionpack (3.2.13) lib/action_dispatch/middleware/show_exceptions.rb:56:in `call'
  railties (3.2.13) lib/rails/rack/logger.rb:32:in `call_app'
  railties (3.2.13) lib/rails/rack/logger.rb:16:in `block in call'
  activesupport (3.2.13) lib/active_support/tagged_logging.rb:22:in `tagged'
  railties (3.2.13) lib/rails/rack/logger.rb:16:in `call'
  actionpack (3.2.13) lib/action_dispatch/middleware/request_id.rb:22:in `call'
  rack (1.4.5) lib/rack/methodoverride.rb:21:in `call'
  rack (1.4.5) lib/rack/runtime.rb:17:in `call'
  activesupport (3.2.13) lib/active_support/cache/strategy/local_cache.rb:72:in `call'
  rack (1.4.5) lib/rack/lock.rb:15:in `call'
  actionpack (3.2.13) lib/action_dispatch/middleware/static.rb:63:in `call'
  railties (3.2.13) lib/rails/engine.rb:479:in `call'
  railties (3.2.13) lib/rails/application.rb:223:in `call'
  rack (1.4.5) lib/rack/content_length.rb:14:in `call'
  railties (3.2.13) lib/rails/rack/log_tailer.rb:17:in `call'
  rack (1.4.5) lib/rack/handler/webrick.rb:59:in `service'
  /home/pawel/.rvm/rubies/ruby-2.0.0-p0/lib/ruby/2.0.0/webrick/httpserver.rb:138:in `service'
  /home/pawel/.rvm/rubies/ruby-2.0.0-p0/lib/ruby/2.0.0/webrick/httpserver.rb:94:in `run'
  /home/pawel/.rvm/rubies/ruby-2.0.0-p0/lib/ruby/2.0.0/webrick/server.rb:295:in `block in start_thread'


  Rendered /home/pawel/.rvm/gems/ruby-2.0.0-p0/gems/actionpack-3.2.13/lib/action_dispatch/middleware/templates/rescues/routing_error.erb within rescues/layout (0.9ms)


Started GET "/login" for 127.0.0.1 at 2013-06-08 12:46:34 +0200
Processing by SessionsController#new as HTML
Redirected to http://localhost:3000/auth/github
Completed 302 Found in 1ms


Started GET "/auth/github" for 127.0.0.1 at 2013-06-08 12:46:34 +0200


Started GET "/auth/github/callback?code=41ed33a982151ac9f712&state=385c6060a1b27d64185c1e722e84ae065e330cebfc2293d4" for 127.0.0.1 at 2013-06-08 12:46:36 +0200
Processing by SessionsController#create as HTML
  Parameters: {"code"=>"41ed33a982151ac9f712", "state"=>"385c6060a1b27d64185c1e722e84ae065e330cebfc2293d4"}
  MOPED: 127.0.0.1:27017 COMMAND      database=admin command={:ismaster=>1} (1.1680ms)
  MOPED: 127.0.0.1:27017 INSERT       database=slaska_development collection=users documents=[{"_id"=>"51b30b8e52951ec072000001", "provider"=>"github", "uid"=>"1102270", "name"=>nil}] flags=[] (0.4873ms)
Completed 500 Internal Server Error in 83ms

NoMethodError (undefined method `current_user=' for #<SessionsController:0xb58ec3fc>):
  app/controllers/sessions_controller.rb:7:in `create'


  Rendered /home/pawel/.rvm/gems/ruby-2.0.0-p0/gems/actionpack-3.2.13/lib/action_dispatch/middleware/templates/rescues/_trace.erb (2.0ms)
  Rendered /home/pawel/.rvm/gems/ruby-2.0.0-p0/gems/actionpack-3.2.13/lib/action_dispatch/middleware/templates/rescues/_request_and_response.erb (1.5ms)
  Rendered /home/pawel/.rvm/gems/ruby-2.0.0-p0/gems/actionpack-3.2.13/lib/action_dispatch/middleware/templates/rescues/diagnostics.erb within rescues/layout (21.4ms)


Started GET "/" for 127.0.0.1 at 2013-06-08 12:49:56 +0200
Processing by HomeController#index as HTML
  Rendered home/index.html.haml within layouts/application (0.1ms)
Completed 200 OK in 101ms (Views: 100.5ms)


Started GET "/assets/application.css?body=1" for 127.0.0.1 at 2013-06-08 12:49:56 +0200
Served asset /application.css - 304 Not Modified (0ms)


Started GET "/assets/bootstrap_and_overrides.css?body=1" for 127.0.0.1 at 2013-06-08 12:49:56 +0200
Served asset /bootstrap_and_overrides.css - 304 Not Modified (0ms)


Started GET "/assets/sessions.css?body=1" for 127.0.0.1 at 2013-06-08 12:49:56 +0200
Served asset /sessions.css - 304 Not Modified (0ms)


Started GET "/assets/jquery.js?body=1" for 127.0.0.1 at 2013-06-08 12:49:56 +0200
Served asset /jquery.js - 304 Not Modified (1ms)


Started GET "/assets/jquery_ujs.js?body=1" for 127.0.0.1 at 2013-06-08 12:49:56 +0200
Served asset /jquery_ujs.js - 304 Not Modified (0ms)


Started GET "/assets/home.css?body=1" for 127.0.0.1 at 2013-06-08 12:49:56 +0200
Served asset /home.css - 304 Not Modified (0ms)


Started GET "/assets/twitter/bootstrap/bootstrap-transition.js?body=1" for 127.0.0.1 at 2013-06-08 12:49:56 +0200
Served asset /twitter/bootstrap/bootstrap-transition.js - 304 Not Modified (0ms)


Started GET "/assets/twitter/bootstrap/bootstrap-alert.js?body=1" for 127.0.0.1 at 2013-06-08 12:49:56 +0200
Served asset /twitter/bootstrap/bootstrap-alert.js - 304 Not Modified (0ms)


Started GET "/assets/twitter/bootstrap/bootstrap-modal.js?body=1" for 127.0.0.1 at 2013-06-08 12:49:56 +0200
Served asset /twitter/bootstrap/bootstrap-modal.js - 304 Not Modified (0ms)


Started GET "/assets/twitter/bootstrap/bootstrap-dropdown.js?body=1" for 127.0.0.1 at 2013-06-08 12:49:56 +0200
Served asset /twitter/bootstrap/bootstrap-dropdown.js - 304 Not Modified (0ms)


Started GET "/assets/twitter/bootstrap/bootstrap-tab.js?body=1" for 127.0.0.1 at 2013-06-08 12:49:56 +0200
Served asset /twitter/bootstrap/bootstrap-tab.js - 304 Not Modified (0ms)


Started GET "/assets/twitter/bootstrap/bootstrap-scrollspy.js?body=1" for 127.0.0.1 at 2013-06-08 12:49:56 +0200
Served asset /twitter/bootstrap/bootstrap-scrollspy.js - 304 Not Modified (0ms)


Started GET "/assets/twitter/bootstrap/bootstrap-tooltip.js?body=1" for 127.0.0.1 at 2013-06-08 12:49:56 +0200
Served asset /twitter/bootstrap/bootstrap-tooltip.js - 304 Not Modified (0ms)


Started GET "/assets/twitter/bootstrap/bootstrap-button.js?body=1" for 127.0.0.1 at 2013-06-08 12:49:56 +0200
Served asset /twitter/bootstrap/bootstrap-button.js - 304 Not Modified (0ms)


Started GET "/assets/twitter/bootstrap/bootstrap-collapse.js?body=1" for 127.0.0.1 at 2013-06-08 12:49:56 +0200
Served asset /twitter/bootstrap/bootstrap-collapse.js - 304 Not Modified (0ms)


Started GET "/assets/twitter/bootstrap/bootstrap-popover.js?body=1" for 127.0.0.1 at 2013-06-08 12:49:56 +0200
Served asset /twitter/bootstrap/bootstrap-popover.js - 304 Not Modified (0ms)


Started GET "/assets/twitter/bootstrap/bootstrap-carousel.js?body=1" for 127.0.0.1 at 2013-06-08 12:49:56 +0200
Served asset /twitter/bootstrap/bootstrap-carousel.js - 304 Not Modified (0ms)


Started GET "/assets/twitter/bootstrap/bootstrap-typeahead.js?body=1" for 127.0.0.1 at 2013-06-08 12:49:57 +0200
Served asset /twitter/bootstrap/bootstrap-typeahead.js - 304 Not Modified (0ms)


Started GET "/assets/twitter/bootstrap/bootstrap-affix.js?body=1" for 127.0.0.1 at 2013-06-08 12:49:57 +0200
Served asset /twitter/bootstrap/bootstrap-affix.js - 304 Not Modified (0ms)


Started GET "/assets/twitter/bootstrap.js?body=1" for 127.0.0.1 at 2013-06-08 12:49:57 +0200
Served asset /twitter/bootstrap.js - 304 Not Modified (1ms)


Started GET "/assets/bootstrap.js?body=1" for 127.0.0.1 at 2013-06-08 12:49:57 +0200
Served asset /bootstrap.js - 304 Not Modified (0ms)


Started GET "/assets/home.js?body=1" for 127.0.0.1 at 2013-06-08 12:49:57 +0200
Served asset /home.js - 304 Not Modified (0ms)


Started GET "/assets/sessions.js?body=1" for 127.0.0.1 at 2013-06-08 12:49:57 +0200
Served asset /sessions.js - 304 Not Modified (0ms)


Started GET "/assets/application.js?body=1" for 127.0.0.1 at 2013-06-08 12:49:57 +0200
Served asset /application.js - 304 Not Modified (2ms)


Started GET "/assets/favicon.ico" for 127.0.0.1 at 2013-06-08 12:49:57 +0200
Served asset /favicon.ico - 404 Not Found (4ms)

ActionController::RoutingError (No route matches [GET] "/assets/favicon.ico"):
  actionpack (3.2.13) lib/action_dispatch/middleware/debug_exceptions.rb:21:in `call'
  actionpack (3.2.13) lib/action_dispatch/middleware/show_exceptions.rb:56:in `call'
  railties (3.2.13) lib/rails/rack/logger.rb:32:in `call_app'
  railties (3.2.13) lib/rails/rack/logger.rb:16:in `block in call'
  activesupport (3.2.13) lib/active_support/tagged_logging.rb:22:in `tagged'
  railties (3.2.13) lib/rails/rack/logger.rb:16:in `call'
  actionpack (3.2.13) lib/action_dispatch/middleware/request_id.rb:22:in `call'
  rack (1.4.5) lib/rack/methodoverride.rb:21:in `call'
  rack (1.4.5) lib/rack/runtime.rb:17:in `call'
  activesupport (3.2.13) lib/active_support/cache/strategy/local_cache.rb:72:in `call'
  rack (1.4.5) lib/rack/lock.rb:15:in `call'
  actionpack (3.2.13) lib/action_dispatch/middleware/static.rb:63:in `call'
  railties (3.2.13) lib/rails/engine.rb:479:in `call'
  railties (3.2.13) lib/rails/application.rb:223:in `call'
  rack (1.4.5) lib/rack/content_length.rb:14:in `call'
  railties (3.2.13) lib/rails/rack/log_tailer.rb:17:in `call'
  rack (1.4.5) lib/rack/handler/webrick.rb:59:in `service'
  /home/pawel/.rvm/rubies/ruby-2.0.0-p0/lib/ruby/2.0.0/webrick/httpserver.rb:138:in `service'
  /home/pawel/.rvm/rubies/ruby-2.0.0-p0/lib/ruby/2.0.0/webrick/httpserver.rb:94:in `run'
  /home/pawel/.rvm/rubies/ruby-2.0.0-p0/lib/ruby/2.0.0/webrick/server.rb:295:in `block in start_thread'


  Rendered /home/pawel/.rvm/gems/ruby-2.0.0-p0/gems/actionpack-3.2.13/lib/action_dispatch/middleware/templates/rescues/routing_error.erb within rescues/layout (1.0ms)


Started GET "/login" for 127.0.0.1 at 2013-06-08 12:50:00 +0200
Processing by SessionsController#new as HTML
Redirected to http://localhost:3000/auth/github
Completed 302 Found in 1ms


Started GET "/auth/github" for 127.0.0.1 at 2013-06-08 12:50:00 +0200


Started GET "/auth/github/callback?code=2313008720ad5343ecb9&state=69693a863451ae87fcd7c98fb0e2c02303174af93bdca595" for 127.0.0.1 at 2013-06-08 12:50:01 +0200
Processing by SessionsController#create as HTML
  Parameters: {"code"=>"2313008720ad5343ecb9", "state"=>"69693a863451ae87fcd7c98fb0e2c02303174af93bdca595"}
  MOPED: 127.0.0.1:27017 COMMAND      database=admin command={:ismaster=>1} (0.8190ms)
  MOPED: 127.0.0.1:27017 INSERT       database=slaska_development collection=users documents=[{"_id"=>"51b30c5a52951e6d3c000002", "provider"=>"github", "uid"=>"1102270", "name"=>nil}] flags=[] (0.1476ms)
Redirected to http://localhost:3000/
Completed 302 Found in 72ms


Started GET "/" for 127.0.0.1 at 2013-06-08 12:50:02 +0200
Processing by HomeController#index as HTML
  Rendered home/index.html.haml within layouts/application (0.1ms)
Completed 200 OK in 51ms (Views: 51.0ms)


Started GET "/assets/application.css?body=1" for 127.0.0.1 at 2013-06-08 12:50:02 +0200
Served asset /application.css - 304 Not Modified (0ms)


Started GET "/assets/bootstrap_and_overrides.css?body=1" for 127.0.0.1 at 2013-06-08 12:50:02 +0200
Served asset /bootstrap_and_overrides.css - 304 Not Modified (15ms)


Started GET "/assets/home.css?body=1" for 127.0.0.1 at 2013-06-08 12:50:02 +0200
Served asset /home.css - 304 Not Modified (0ms)


Started GET "/assets/sessions.css?body=1" for 127.0.0.1 at 2013-06-08 12:50:02 +0200
Served asset /sessions.css - 304 Not Modified (0ms)


Started GET "/assets/jquery.js?body=1" for 127.0.0.1 at 2013-06-08 12:50:02 +0200
Served asset /jquery.js - 304 Not Modified (1ms)


Started GET "/assets/jquery_ujs.js?body=1" for 127.0.0.1 at 2013-06-08 12:50:03 +0200
Served asset /jquery_ujs.js - 304 Not Modified (0ms)


Started GET "/assets/twitter/bootstrap/bootstrap-transition.js?body=1" for 127.0.0.1 at 2013-06-08 12:50:03 +0200
Served asset /twitter/bootstrap/bootstrap-transition.js - 304 Not Modified (8ms)


Started GET "/assets/twitter/bootstrap/bootstrap-modal.js?body=1" for 127.0.0.1 at 2013-06-08 12:50:03 +0200
Served asset /twitter/bootstrap/bootstrap-modal.js - 304 Not Modified (0ms)


Started GET "/assets/twitter/bootstrap/bootstrap-alert.js?body=1" for 127.0.0.1 at 2013-06-08 12:50:03 +0200
Served asset /twitter/bootstrap/bootstrap-alert.js - 304 Not Modified (0ms)


Started GET "/assets/twitter/bootstrap/bootstrap-dropdown.js?body=1" for 127.0.0.1 at 2013-06-08 12:50:03 +0200
Served asset /twitter/bootstrap/bootstrap-dropdown.js - 304 Not Modified (0ms)


Started GET "/assets/twitter/bootstrap/bootstrap-scrollspy.js?body=1" for 127.0.0.1 at 2013-06-08 12:50:03 +0200
Served asset /twitter/bootstrap/bootstrap-scrollspy.js - 304 Not Modified (0ms)


Started GET "/assets/twitter/bootstrap/bootstrap-tooltip.js?body=1" for 127.0.0.1 at 2013-06-08 12:50:03 +0200
Served asset /twitter/bootstrap/bootstrap-tooltip.js - 304 Not Modified (0ms)


Started GET "/assets/twitter/bootstrap/bootstrap-popover.js?body=1" for 127.0.0.1 at 2013-06-08 12:50:03 +0200
Served asset /twitter/bootstrap/bootstrap-popover.js - 304 Not Modified (0ms)


Started GET "/assets/twitter/bootstrap/bootstrap-button.js?body=1" for 127.0.0.1 at 2013-06-08 12:50:03 +0200
Served asset /twitter/bootstrap/bootstrap-button.js - 304 Not Modified (0ms)


Started GET "/assets/twitter/bootstrap/bootstrap-tab.js?body=1" for 127.0.0.1 at 2013-06-08 12:50:03 +0200
Served asset /twitter/bootstrap/bootstrap-tab.js - 304 Not Modified (0ms)


Started GET "/assets/twitter/bootstrap/bootstrap-carousel.js?body=1" for 127.0.0.1 at 2013-06-08 12:50:03 +0200
Served asset /twitter/bootstrap/bootstrap-carousel.js - 304 Not Modified (0ms)


Started GET "/assets/twitter/bootstrap/bootstrap-collapse.js?body=1" for 127.0.0.1 at 2013-06-08 12:50:03 +0200
Served asset /twitter/bootstrap/bootstrap-collapse.js - 304 Not Modified (11ms)


Started GET "/assets/twitter/bootstrap/bootstrap-affix.js?body=1" for 127.0.0.1 at 2013-06-08 12:50:03 +0200
Served asset /twitter/bootstrap/bootstrap-affix.js - 304 Not Modified (0ms)


Started GET "/assets/twitter/bootstrap/bootstrap-typeahead.js?body=1" for 127.0.0.1 at 2013-06-08 12:50:03 +0200
Served asset /twitter/bootstrap/bootstrap-typeahead.js - 304 Not Modified (0ms)


Started GET "/assets/bootstrap.js?body=1" for 127.0.0.1 at 2013-06-08 12:50:03 +0200
Served asset /bootstrap.js - 304 Not Modified (0ms)


Started GET "/assets/twitter/bootstrap.js?body=1" for 127.0.0.1 at 2013-06-08 12:50:03 +0200
Served asset /twitter/bootstrap.js - 304 Not Modified (1ms)


Started GET "/assets/home.js?body=1" for 127.0.0.1 at 2013-06-08 12:50:03 +0200
Served asset /home.js - 304 Not Modified (0ms)


Started GET "/assets/sessions.js?body=1" for 127.0.0.1 at 2013-06-08 12:50:03 +0200
Served asset /sessions.js - 304 Not Modified (0ms)


Started GET "/assets/application.js?body=1" for 127.0.0.1 at 2013-06-08 12:50:03 +0200
Served asset /application.js - 304 Not Modified (67ms)


Started GET "/assets/favicon.ico" for 127.0.0.1 at 2013-06-08 12:50:03 +0200
Served asset /favicon.ico - 404 Not Found (4ms)

ActionController::RoutingError (No route matches [GET] "/assets/favicon.ico"):
  actionpack (3.2.13) lib/action_dispatch/middleware/debug_exceptions.rb:21:in `call'
  actionpack (3.2.13) lib/action_dispatch/middleware/show_exceptions.rb:56:in `call'
  railties (3.2.13) lib/rails/rack/logger.rb:32:in `call_app'
  railties (3.2.13) lib/rails/rack/logger.rb:16:in `block in call'
  activesupport (3.2.13) lib/active_support/tagged_logging.rb:22:in `tagged'
  railties (3.2.13) lib/rails/rack/logger.rb:16:in `call'
  actionpack (3.2.13) lib/action_dispatch/middleware/request_id.rb:22:in `call'
  rack (1.4.5) lib/rack/methodoverride.rb:21:in `call'
  rack (1.4.5) lib/rack/runtime.rb:17:in `call'
  activesupport (3.2.13) lib/active_support/cache/strategy/local_cache.rb:72:in `call'
  rack (1.4.5) lib/rack/lock.rb:15:in `call'
  actionpack (3.2.13) lib/action_dispatch/middleware/static.rb:63:in `call'
  railties (3.2.13) lib/rails/engine.rb:479:in `call'
  railties (3.2.13) lib/rails/application.rb:223:in `call'
  rack (1.4.5) lib/rack/content_length.rb:14:in `call'
  railties (3.2.13) lib/rails/rack/log_tailer.rb:17:in `call'
  rack (1.4.5) lib/rack/handler/webrick.rb:59:in `service'
  /home/pawel/.rvm/rubies/ruby-2.0.0-p0/lib/ruby/2.0.0/webrick/httpserver.rb:138:in `service'
  /home/pawel/.rvm/rubies/ruby-2.0.0-p0/lib/ruby/2.0.0/webrick/httpserver.rb:94:in `run'
  /home/pawel/.rvm/rubies/ruby-2.0.0-p0/lib/ruby/2.0.0/webrick/server.rb:295:in `block in start_thread'


  Rendered /home/pawel/.rvm/gems/ruby-2.0.0-p0/gems/actionpack-3.2.13/lib/action_dispatch/middleware/templates/rescues/routing_error.erb within rescues/layout (0.9ms)


Started GET "/login" for 127.0.0.1 at 2013-06-08 12:50:08 +0200
Processing by SessionsController#new as HTML
Redirected to http://localhost:3000/auth/github
Completed 302 Found in 1ms


Started GET "/auth/github" for 127.0.0.1 at 2013-06-08 12:50:08 +0200


Started GET "/auth/github/callback?code=dc625fe04b77d4dfd1e0&state=6bdd85e689d45decfcbf61d6beec48f2865113e155856055" for 127.0.0.1 at 2013-06-08 12:50:08 +0200
Processing by SessionsController#create as HTML
  Parameters: {"code"=>"dc625fe04b77d4dfd1e0", "state"=>"6bdd85e689d45decfcbf61d6beec48f2865113e155856055"}
  MOPED: 127.0.0.1:27017 COMMAND      database=admin command={:ismaster=>1} (1.1036ms)
  MOPED: 127.0.0.1:27017 INSERT       database=slaska_development collection=users documents=[{"_id"=>"51b30c6152951e4e67000003", "provider"=>"github", "uid"=>"1102270", "name"=>nil}] flags=[] (0.2146ms)
Redirected to http://localhost:3000/
Completed 302 Found in 4ms


Started GET "/" for 127.0.0.1 at 2013-06-08 12:50:09 +0200
Processing by HomeController#index as HTML
  Rendered home/index.html.haml within layouts/application (0.2ms)
Completed 200 OK in 54ms (Views: 54.2ms)


Started GET "/assets/bootstrap_and_overrides.css?body=1" for 127.0.0.1 at 2013-06-08 12:50:10 +0200
Served asset /bootstrap_and_overrides.css - 304 Not Modified (0ms)


Started GET "/assets/home.css?body=1" for 127.0.0.1 at 2013-06-08 12:50:10 +0200
Served asset /home.css - 304 Not Modified (0ms)


Started GET "/assets/sessions.css?body=1" for 127.0.0.1 at 2013-06-08 12:50:10 +0200
Served asset /sessions.css - 304 Not Modified (0ms)


Started GET "/assets/application.css?body=1" for 127.0.0.1 at 2013-06-08 12:50:10 +0200
Served asset /application.css - 304 Not Modified (0ms)


Started GET "/assets/jquery.js?body=1" for 127.0.0.1 at 2013-06-08 12:50:10 +0200
Served asset /jquery.js - 304 Not Modified (10ms)


Started GET "/assets/jquery_ujs.js?body=1" for 127.0.0.1 at 2013-06-08 12:50:10 +0200
Served asset /jquery_ujs.js - 304 Not Modified (9ms)


Started GET "/assets/twitter/bootstrap/bootstrap-transition.js?body=1" for 127.0.0.1 at 2013-06-08 12:50:10 +0200
Served asset /twitter/bootstrap/bootstrap-transition.js - 304 Not Modified (0ms)


Started GET "/assets/twitter/bootstrap/bootstrap-alert.js?body=1" for 127.0.0.1 at 2013-06-08 12:50:10 +0200
Served asset /twitter/bootstrap/bootstrap-alert.js - 304 Not Modified (0ms)


Started GET "/assets/twitter/bootstrap/bootstrap-dropdown.js?body=1" for 127.0.0.1 at 2013-06-08 12:50:10 +0200
Served asset /twitter/bootstrap/bootstrap-dropdown.js - 304 Not Modified (3ms)


Started GET "/assets/twitter/bootstrap/bootstrap-modal.js?body=1" for 127.0.0.1 at 2013-06-08 12:50:10 +0200
Served asset /twitter/bootstrap/bootstrap-modal.js - 304 Not Modified (0ms)


Started GET "/assets/twitter/bootstrap/bootstrap-popover.js?body=1" for 127.0.0.1 at 2013-06-08 12:50:10 +0200
Served asset /twitter/bootstrap/bootstrap-popover.js - 304 Not Modified (0ms)


Started GET "/assets/twitter/bootstrap/bootstrap-tab.js?body=1" for 127.0.0.1 at 2013-06-08 12:50:10 +0200
Served asset /twitter/bootstrap/bootstrap-tab.js - 304 Not Modified (0ms)


Started GET "/assets/twitter/bootstrap/bootstrap-tooltip.js?body=1" for 127.0.0.1 at 2013-06-08 12:50:10 +0200
Served asset /twitter/bootstrap/bootstrap-tooltip.js - 304 Not Modified (0ms)


Started GET "/assets/twitter/bootstrap/bootstrap-scrollspy.js?body=1" for 127.0.0.1 at 2013-06-08 12:50:10 +0200
Served asset /twitter/bootstrap/bootstrap-scrollspy.js - 304 Not Modified (0ms)


Started GET "/assets/twitter/bootstrap/bootstrap-collapse.js?body=1" for 127.0.0.1 at 2013-06-08 12:50:10 +0200
Served asset /twitter/bootstrap/bootstrap-collapse.js - 304 Not Modified (0ms)


Started GET "/assets/twitter/bootstrap/bootstrap-button.js?body=1" for 127.0.0.1 at 2013-06-08 12:50:10 +0200
Served asset /twitter/bootstrap/bootstrap-button.js - 304 Not Modified (0ms)


Started GET "/assets/twitter/bootstrap/bootstrap-affix.js?body=1" for 127.0.0.1 at 2013-06-08 12:50:10 +0200
Served asset /twitter/bootstrap/bootstrap-affix.js - 304 Not Modified (0ms)


Started GET "/assets/home.js?body=1" for 127.0.0.1 at 2013-06-08 12:50:10 +0200
Served asset /home.js - 304 Not Modified (0ms)


Started GET "/assets/bootstrap.js?body=1" for 127.0.0.1 at 2013-06-08 12:50:10 +0200
Served asset /bootstrap.js - 304 Not Modified (3ms)


Started GET "/assets/twitter/bootstrap/bootstrap-typeahead.js?body=1" for 127.0.0.1 at 2013-06-08 12:50:10 +0200
Served asset /twitter/bootstrap/bootstrap-typeahead.js - 304 Not Modified (0ms)


Started GET "/assets/twitter/bootstrap.js?body=1" for 127.0.0.1 at 2013-06-08 12:50:10 +0200
Served asset /twitter/bootstrap.js - 304 Not Modified (63ms)


Started GET "/assets/twitter/bootstrap/bootstrap-carousel.js?body=1" for 127.0.0.1 at 2013-06-08 12:50:10 +0200
Served asset /twitter/bootstrap/bootstrap-carousel.js - 304 Not Modified (0ms)


Started GET "/assets/sessions.js?body=1" for 127.0.0.1 at 2013-06-08 12:50:10 +0200
Served asset /sessions.js - 304 Not Modified (0ms)


Started GET "/assets/application.js?body=1" for 127.0.0.1 at 2013-06-08 12:50:10 +0200
Served asset /application.js - 304 Not Modified (2ms)


Started GET "/assets/favicon.ico" for 127.0.0.1 at 2013-06-08 12:50:10 +0200
Served asset /favicon.ico - 404 Not Found (4ms)

ActionController::RoutingError (No route matches [GET] "/assets/favicon.ico"):
  actionpack (3.2.13) lib/action_dispatch/middleware/debug_exceptions.rb:21:in `call'
  actionpack (3.2.13) lib/action_dispatch/middleware/show_exceptions.rb:56:in `call'
  railties (3.2.13) lib/rails/rack/logger.rb:32:in `call_app'
  railties (3.2.13) lib/rails/rack/logger.rb:16:in `block in call'
  activesupport (3.2.13) lib/active_support/tagged_logging.rb:22:in `tagged'
  railties (3.2.13) lib/rails/rack/logger.rb:16:in `call'
  actionpack (3.2.13) lib/action_dispatch/middleware/request_id.rb:22:in `call'
  rack (1.4.5) lib/rack/methodoverride.rb:21:in `call'
  rack (1.4.5) lib/rack/runtime.rb:17:in `call'
  activesupport (3.2.13) lib/active_support/cache/strategy/local_cache.rb:72:in `call'
  rack (1.4.5) lib/rack/lock.rb:15:in `call'
  actionpack (3.2.13) lib/action_dispatch/middleware/static.rb:63:in `call'
  railties (3.2.13) lib/rails/engine.rb:479:in `call'
  railties (3.2.13) lib/rails/application.rb:223:in `call'
  rack (1.4.5) lib/rack/content_length.rb:14:in `call'
  railties (3.2.13) lib/rails/rack/log_tailer.rb:17:in `call'
  rack (1.4.5) lib/rack/handler/webrick.rb:59:in `service'
  /home/pawel/.rvm/rubies/ruby-2.0.0-p0/lib/ruby/2.0.0/webrick/httpserver.rb:138:in `service'
  /home/pawel/.rvm/rubies/ruby-2.0.0-p0/lib/ruby/2.0.0/webrick/httpserver.rb:94:in `run'
  /home/pawel/.rvm/rubies/ruby-2.0.0-p0/lib/ruby/2.0.0/webrick/server.rb:295:in `block in start_thread'


  Rendered /home/pawel/.rvm/gems/ruby-2.0.0-p0/gems/actionpack-3.2.13/lib/action_dispatch/middleware/templates/rescues/routing_error.erb within rescues/layout (0.9ms)


Started GET "/login" for 127.0.0.1 at 2013-06-08 12:55:58 +0200
Processing by SessionsController#new as HTML
Redirected to http://localhost:3000/auth/github
Completed 302 Found in 1ms


Started GET "/auth/github" for 127.0.0.1 at 2013-06-08 12:55:58 +0200


Started GET "/auth/github/callback?code=37d924af96c1714753d1&state=d2cd812b2a0b3fff890ef30a47ce5e8f4d09fd73d49517ad" for 127.0.0.1 at 2013-06-08 12:55:59 +0200
Processing by SessionsController#create as HTML
  Parameters: {"code"=>"37d924af96c1714753d1", "state"=>"d2cd812b2a0b3fff890ef30a47ce5e8f4d09fd73d49517ad"}
  MOPED: 127.0.0.1:27017 COMMAND      database=admin command={:ismaster=>1} (1.0443ms)
  MOPED: 127.0.0.1:27017 INSERT       database=slaska_development collection=users documents=[{"_id"=>"51b30dc052951e1e83000001", "provider"=>"github", "uid"=>"1102270", "name"=>nil}] flags=[] (0.1609ms)
Redirected to http://localhost:3000/
Completed 302 Found in 29ms


Started GET "/" for 127.0.0.1 at 2013-06-08 12:56:00 +0200
Processing by HomeController#index as HTML
  Rendered home/index.html.haml within layouts/application (2.4ms)
Completed 200 OK in 154ms (Views: 153.1ms)


Started GET "/assets/application.css?body=1" for 127.0.0.1 at 2013-06-08 12:56:01 +0200
Served asset /application.css - 304 Not Modified (22ms)


Started GET "/assets/bootstrap_and_overrides.css?body=1" for 127.0.0.1 at 2013-06-08 12:56:01 +0200
Served asset /bootstrap_and_overrides.css - 304 Not Modified (11ms)


Started GET "/assets/jquery.js?body=1" for 127.0.0.1 at 2013-06-08 12:56:01 +0200
Served asset /jquery.js - 304 Not Modified (5ms)


Started GET "/assets/home.css?body=1" for 127.0.0.1 at 2013-06-08 12:56:01 +0200
Served asset /home.css - 304 Not Modified (5ms)


Started GET "/assets/jquery_ujs.js?body=1" for 127.0.0.1 at 2013-06-08 12:56:01 +0200
Served asset /jquery_ujs.js - 304 Not Modified (6ms)


Started GET "/assets/sessions.css?body=1" for 127.0.0.1 at 2013-06-08 12:56:01 +0200
Served asset /sessions.css - 304 Not Modified (6ms)


Started GET "/assets/twitter/bootstrap/bootstrap-transition.js?body=1" for 127.0.0.1 at 2013-06-08 12:56:01 +0200
Served asset /twitter/bootstrap/bootstrap-transition.js - 304 Not Modified (10ms)


Started GET "/assets/twitter/bootstrap/bootstrap-alert.js?body=1" for 127.0.0.1 at 2013-06-08 12:56:01 +0200
Served asset /twitter/bootstrap/bootstrap-alert.js - 304 Not Modified (3ms)


Started GET "/assets/twitter/bootstrap/bootstrap-modal.js?body=1" for 127.0.0.1 at 2013-06-08 12:56:01 +0200
Served asset /twitter/bootstrap/bootstrap-modal.js - 304 Not Modified (5ms)


Started GET "/assets/twitter/bootstrap/bootstrap-dropdown.js?body=1" for 127.0.0.1 at 2013-06-08 12:56:01 +0200
Served asset /twitter/bootstrap/bootstrap-dropdown.js - 304 Not Modified (4ms)


Started GET "/assets/twitter/bootstrap/bootstrap-scrollspy.js?body=1" for 127.0.0.1 at 2013-06-08 12:56:01 +0200
Served asset /twitter/bootstrap/bootstrap-scrollspy.js - 304 Not Modified (3ms)


Started GET "/assets/twitter/bootstrap/bootstrap-tab.js?body=1" for 127.0.0.1 at 2013-06-08 12:56:01 +0200
Served asset /twitter/bootstrap/bootstrap-tab.js - 304 Not Modified (9ms)


Started GET "/assets/twitter/bootstrap/bootstrap-tooltip.js?body=1" for 127.0.0.1 at 2013-06-08 12:56:01 +0200
Served asset /twitter/bootstrap/bootstrap-tooltip.js - 304 Not Modified (4ms)


Started GET "/assets/twitter/bootstrap/bootstrap-popover.js?body=1" for 127.0.0.1 at 2013-06-08 12:56:01 +0200
Served asset /twitter/bootstrap/bootstrap-popover.js - 304 Not Modified (15ms)


Started GET "/assets/twitter/bootstrap/bootstrap-button.js?body=1" for 127.0.0.1 at 2013-06-08 12:56:01 +0200
Served asset /twitter/bootstrap/bootstrap-button.js - 304 Not Modified (7ms)


Started GET "/assets/twitter/bootstrap/bootstrap-collapse.js?body=1" for 127.0.0.1 at 2013-06-08 12:56:01 +0200
Served asset /twitter/bootstrap/bootstrap-collapse.js - 304 Not Modified (4ms)


Started GET "/assets/twitter/bootstrap/bootstrap-carousel.js?body=1" for 127.0.0.1 at 2013-06-08 12:56:01 +0200
Served asset /twitter/bootstrap/bootstrap-carousel.js - 304 Not Modified (7ms)


Started GET "/assets/twitter/bootstrap/bootstrap-affix.js?body=1" for 127.0.0.1 at 2013-06-08 12:56:01 +0200
Served asset /twitter/bootstrap/bootstrap-affix.js - 304 Not Modified (3ms)


Started GET "/assets/twitter/bootstrap/bootstrap-typeahead.js?body=1" for 127.0.0.1 at 2013-06-08 12:56:01 +0200
Served asset /twitter/bootstrap/bootstrap-typeahead.js - 304 Not Modified (9ms)


Started GET "/assets/twitter/bootstrap.js?body=1" for 127.0.0.1 at 2013-06-08 12:56:01 +0200
Served asset /twitter/bootstrap.js - 304 Not Modified (29ms)


Started GET "/assets/bootstrap.js?body=1" for 127.0.0.1 at 2013-06-08 12:56:01 +0200
Served asset /bootstrap.js - 304 Not Modified (2ms)


Started GET "/assets/home.js?body=1" for 127.0.0.1 at 2013-06-08 12:56:01 +0200
Served asset /home.js - 304 Not Modified (1ms)


Started GET "/assets/application.js?body=1" for 127.0.0.1 at 2013-06-08 12:56:01 +0200
Served asset /application.js - 304 Not Modified (78ms)


Started GET "/assets/sessions.js?body=1" for 127.0.0.1 at 2013-06-08 12:56:01 +0200
Served asset /sessions.js - 304 Not Modified (1ms)


Started GET "/assets/jquery_ujs.js?body=1" for 127.0.0.1 at 2013-06-08 12:56:01 +0200
Served asset /jquery_ujs.js - 304 Not Modified (0ms)


Started GET "/assets/favicon.ico" for 127.0.0.1 at 2013-06-08 12:56:01 +0200
Served asset /favicon.ico - 404 Not Found (4ms)

ActionController::RoutingError (No route matches [GET] "/assets/favicon.ico"):
  actionpack (3.2.13) lib/action_dispatch/middleware/debug_exceptions.rb:21:in `call'
  actionpack (3.2.13) lib/action_dispatch/middleware/show_exceptions.rb:56:in `call'
  railties (3.2.13) lib/rails/rack/logger.rb:32:in `call_app'
  railties (3.2.13) lib/rails/rack/logger.rb:16:in `block in call'
  activesupport (3.2.13) lib/active_support/tagged_logging.rb:22:in `tagged'
  railties (3.2.13) lib/rails/rack/logger.rb:16:in `call'
  actionpack (3.2.13) lib/action_dispatch/middleware/request_id.rb:22:in `call'
  rack (1.4.5) lib/rack/methodoverride.rb:21:in `call'
  rack (1.4.5) lib/rack/runtime.rb:17:in `call'
  activesupport (3.2.13) lib/active_support/cache/strategy/local_cache.rb:72:in `call'
  rack (1.4.5) lib/rack/lock.rb:15:in `call'
  actionpack (3.2.13) lib/action_dispatch/middleware/static.rb:63:in `call'
  railties (3.2.13) lib/rails/engine.rb:479:in `call'
  railties (3.2.13) lib/rails/application.rb:223:in `call'
  rack (1.4.5) lib/rack/content_length.rb:14:in `call'
  railties (3.2.13) lib/rails/rack/log_tailer.rb:17:in `call'
  rack (1.4.5) lib/rack/handler/webrick.rb:59:in `service'
  /home/pawel/.rvm/rubies/ruby-2.0.0-p0/lib/ruby/2.0.0/webrick/httpserver.rb:138:in `service'
  /home/pawel/.rvm/rubies/ruby-2.0.0-p0/lib/ruby/2.0.0/webrick/httpserver.rb:94:in `run'
  /home/pawel/.rvm/rubies/ruby-2.0.0-p0/lib/ruby/2.0.0/webrick/server.rb:295:in `block in start_thread'


  Rendered /home/pawel/.rvm/gems/ruby-2.0.0-p0/gems/actionpack-3.2.13/lib/action_dispatch/middleware/templates/rescues/routing_error.erb within rescues/layout (1.0ms)


Started GET "/login" for 127.0.0.1 at 2013-06-08 12:56:05 +0200
Processing by SessionsController#new as HTML
Redirected to http://localhost:3000/auth/github
Completed 302 Found in 1ms


Started GET "/auth/github" for 127.0.0.1 at 2013-06-08 12:56:05 +0200


Started GET "/auth/github/callback?code=0010b595ef5c70765904&state=9612aa436d8e0829457dbce7ac97ad5399077488fc82c593" for 127.0.0.1 at 2013-06-08 12:56:05 +0200
Processing by SessionsController#create as HTML
  Parameters: {"code"=>"0010b595ef5c70765904", "state"=>"9612aa436d8e0829457dbce7ac97ad5399077488fc82c593"}
  MOPED: 127.0.0.1:27017 COMMAND      database=admin command={:ismaster=>1} (1.1332ms)
  MOPED: 127.0.0.1:27017 INSERT       database=slaska_development collection=users documents=[{"_id"=>"51b30dc652951e9313000002", "provider"=>"github", "uid"=>"1102270", "name"=>nil}] flags=[] (0.2143ms)
Redirected to http://localhost:3000/
Completed 302 Found in 4ms


Started GET "/" for 127.0.0.1 at 2013-06-08 12:56:06 +0200
Processing by HomeController#index as HTML
  Rendered home/index.html.haml within layouts/application (0.1ms)
Completed 200 OK in 50ms (Views: 50.1ms)


Started GET "/assets/application.css?body=1" for 127.0.0.1 at 2013-06-08 12:56:06 +0200
Served asset /application.css - 304 Not Modified (2ms)


Started GET "/assets/bootstrap_and_overrides.css?body=1" for 127.0.0.1 at 2013-06-08 12:56:06 +0200
Served asset /bootstrap_and_overrides.css - 304 Not Modified (4ms)


Started GET "/assets/home.css?body=1" for 127.0.0.1 at 2013-06-08 12:56:06 +0200
Served asset /home.css - 304 Not Modified (0ms)


Started GET "/assets/jquery.js?body=1" for 127.0.0.1 at 2013-06-08 12:56:06 +0200
Served asset /jquery.js - 304 Not Modified (4ms)


Started GET "/assets/sessions.css?body=1" for 127.0.0.1 at 2013-06-08 12:56:06 +0200
Served asset /sessions.css - 304 Not Modified (0ms)


Started GET "/assets/twitter/bootstrap/bootstrap-alert.js?body=1" for 127.0.0.1 at 2013-06-08 12:56:06 +0200
Served asset /twitter/bootstrap/bootstrap-alert.js - 304 Not Modified (0ms)


Started GET "/assets/jquery_ujs.js?body=1" for 127.0.0.1 at 2013-06-08 12:56:06 +0200
Served asset /jquery_ujs.js - 304 Not Modified (0ms)


Started GET "/assets/twitter/bootstrap/bootstrap-transition.js?body=1" for 127.0.0.1 at 2013-06-08 12:56:07 +0200
Served asset /twitter/bootstrap/bootstrap-transition.js - 304 Not Modified (0ms)


Started GET "/assets/twitter/bootstrap/bootstrap-modal.js?body=1" for 127.0.0.1 at 2013-06-08 12:56:07 +0200
Served asset /twitter/bootstrap/bootstrap-modal.js - 304 Not Modified (10ms)


Started GET "/assets/twitter/bootstrap/bootstrap-dropdown.js?body=1" for 127.0.0.1 at 2013-06-08 12:56:07 +0200
Served asset /twitter/bootstrap/bootstrap-dropdown.js - 304 Not Modified (0ms)


Started GET "/assets/twitter/bootstrap/bootstrap-tab.js?body=1" for 127.0.0.1 at 2013-06-08 12:56:07 +0200
Served asset /twitter/bootstrap/bootstrap-tab.js - 304 Not Modified (0ms)


Started GET "/assets/twitter/bootstrap/bootstrap-scrollspy.js?body=1" for 127.0.0.1 at 2013-06-08 12:56:07 +0200
Served asset /twitter/bootstrap/bootstrap-scrollspy.js - 304 Not Modified (0ms)


Started GET "/assets/twitter/bootstrap/bootstrap-tooltip.js?body=1" for 127.0.0.1 at 2013-06-08 12:56:07 +0200
Served asset /twitter/bootstrap/bootstrap-tooltip.js - 304 Not Modified (0ms)


Started GET "/assets/twitter/bootstrap/bootstrap-popover.js?body=1" for 127.0.0.1 at 2013-06-08 12:56:07 +0200
Served asset /twitter/bootstrap/bootstrap-popover.js - 304 Not Modified (0ms)


Started GET "/assets/twitter/bootstrap/bootstrap-button.js?body=1" for 127.0.0.1 at 2013-06-08 12:56:07 +0200
Served asset /twitter/bootstrap/bootstrap-button.js - 304 Not Modified (2ms)


Started GET "/assets/twitter/bootstrap/bootstrap-carousel.js?body=1" for 127.0.0.1 at 2013-06-08 12:56:07 +0200
Served asset /twitter/bootstrap/bootstrap-carousel.js - 304 Not Modified (0ms)


Started GET "/assets/twitter/bootstrap/bootstrap-collapse.js?body=1" for 127.0.0.1 at 2013-06-08 12:56:07 +0200
Served asset /twitter/bootstrap/bootstrap-collapse.js - 304 Not Modified (2ms)


Started GET "/assets/twitter/bootstrap.js?body=1" for 127.0.0.1 at 2013-06-08 12:56:07 +0200
Served asset /twitter/bootstrap.js - 304 Not Modified (56ms)


Started GET "/assets/twitter/bootstrap/bootstrap-typeahead.js?body=1" for 127.0.0.1 at 2013-06-08 12:56:07 +0200
Served asset /twitter/bootstrap/bootstrap-typeahead.js - 304 Not Modified (0ms)


Started GET "/assets/twitter/bootstrap/bootstrap-affix.js?body=1" for 127.0.0.1 at 2013-06-08 12:56:07 +0200
Served asset /twitter/bootstrap/bootstrap-affix.js - 304 Not Modified (0ms)


Started GET "/assets/bootstrap.js?body=1" for 127.0.0.1 at 2013-06-08 12:56:07 +0200
Served asset /bootstrap.js - 304 Not Modified (0ms)


Started GET "/assets/home.js?body=1" for 127.0.0.1 at 2013-06-08 12:56:07 +0200
Served asset /home.js - 304 Not Modified (0ms)


Started GET "/assets/sessions.js?body=1" for 127.0.0.1 at 2013-06-08 12:56:07 +0200
Served asset /sessions.js - 304 Not Modified (0ms)


Started GET "/assets/application.js?body=1" for 127.0.0.1 at 2013-06-08 12:56:07 +0200
Served asset /application.js - 304 Not Modified (3ms)


Started GET "/assets/twitter/bootstrap/bootstrap-alert.js?body=1" for 127.0.0.1 at 2013-06-08 12:56:07 +0200
Served asset /twitter/bootstrap/bootstrap-alert.js - 304 Not Modified (0ms)
  MOPED: 127.0.0.1:27017 COMMAND      database=admin command={:ismaster=>1} (48.6195ms)
  MOPED: 127.0.0.1:27017 QUERY        database=slaska_development collection=users selector={} flags=[:slave_ok] limit=0 skip=0 batch_size=nil fields=nil (0.4466ms)
